<?xml version="1.0" encoding="UTF-8"?>
<!-- Generated by org.testng.reporters.JUnitXMLReporter -->
<testsuite ignored="1" hostname="Devil-World-1999JAN" failures="0" tests="1" name="Default test" time="2.187" errors="0" timestamp="2022-12-10T17:44:08 IST">
  <testcase classname="facebookautomation.webTable" name="marksMatch" time="0.465"/>
  <testcase classname="facebookautomation.webTable" name="WebTable_rowsColumnsCellCounts_Sum" time="0.0">
    <ignored/>
  </testcase> <!-- WebTable_rowsColumnsCellCounts_Sum -->
</testsuite> <!-- Default test -->
