<?xml version="1.0" encoding="UTF-8"?>
<testng-results ignored="1" total="2" passed="1" failed="0" skipped="0">
  <reporter-output>
  </reporter-output>
  <suite started-at="2022-12-10T17:44:06 IST" name="Default suite" finished-at="2022-12-10T17:44:08 IST" duration-ms="2187">
    <groups>
    </groups>
    <test started-at="2022-12-10T17:44:06 IST" name="Default test" finished-at="2022-12-10T17:44:08 IST" duration-ms="2187">
      <class name="facebookautomation.webTable">
        <test-method is-config="true" signature="driverSetup()[pri:0, instance:facebookautomation.webTable@53fdffa1]" started-at="2022-12-10T17:44:06 IST" name="driverSetup" finished-at="2022-12-10T17:44:07 IST" duration-ms="1696" status="PASS">
          <reporter-output>
          </reporter-output>
        </test-method> <!-- driverSetup -->
        <test-method signature="marksMatch()[pri:0, instance:facebookautomation.webTable@53fdffa1]" started-at="2022-12-10T17:44:07 IST" name="marksMatch" finished-at="2022-12-10T17:44:08 IST" duration-ms="465" status="PASS">
          <reporter-output>
          </reporter-output>
        </test-method> <!-- marksMatch -->
      </class> <!-- facebookautomation.webTable -->
    </test> <!-- Default test -->
  </suite> <!-- Default suite -->
</testng-results>
